<?xml version="1.0" encoding="UTF-8" ?>
<testsuite tests="1" failures="0" name="opensystem.typescript.client.OpenSystemTypeScriptClientGeneratorTest" time="0.066" errors="1" skipped="0">
  <properties>
    <property name="java.runtime.name" value="Java(TM) SE Runtime Environment"/>
    <property name="java.vm.version" value="18.0.2.1+1-1"/>
    <property name="sun.boot.library.path" value="C:\Program Files\Java\jdk-18.0.2.1\bin"/>
    <property name="maven.multiModuleProjectDirectory" value="C:\Development\open-system\tools\openapi\typescript-client"/>
    <property name="java.vm.vendor" value="Oracle Corporation"/>
    <property name="java.vendor.url" value="https://java.oracle.com/"/>
    <property name="guice.disable.misplaced.annotation.check" value="true"/>
    <property name="path.separator" value=";"/>
    <property name="java.vm.name" value="Java HotSpot(TM) 64-Bit Server VM"/>
    <property name="sun.os.patch.level" value=""/>
    <property name="user.script" value=""/>
    <property name="user.country" value="US"/>
    <property name="sun.java.launcher" value="SUN_STANDARD"/>
    <property name="java.vm.specification.name" value="Java Virtual Machine Specification"/>
    <property name="user.dir" value="C:\Development\open-system\tools\openapi\typescript-client"/>
    <property name="java.vm.compressedOopsMode" value="Zero based"/>
    <property name="java.runtime.version" value="18.0.2.1+1-1"/>
    <property name="os.arch" value="amd64"/>
    <property name="java.io.tmpdir" value="C:\Users\SULLIV~1\AppData\Local\Temp\"/>
    <property name="line.separator" value="
"/>
    <property name="java.vm.specification.vendor" value="Oracle Corporation"/>
    <property name="user.variant" value=""/>
    <property name="os.name" value="Windows 10"/>
    <property name="classworlds.conf" value="C:\Users\sullivanp\Documents\apache-maven-3.8.5\bin\m2.conf"/>
    <property name="sun.jnu.encoding" value="Cp1252"/>
    <property name="java.library.path" value="C:\Program Files\Java\jdk-18.0.2.1\bin;C:\WINDOWS\Sun\Java\bin;C:\WINDOWS\system32;C:\WINDOWS;C:\Program Files\Common Files\Oracle\Java\javapath;C:\Program Files (x86)\Common Files\Oracle\Java\javapath;C:\WINDOWS\CCM\;C:\ProgramData\Oracle\Java\javapath;C:\WINDOWS\system32;C:\WINDOWS;C:\WINDOWS\System32\Wbem;C:\WINDOWS\System32\WindowsPowerShell\v1.0\;C:\Program Files (x86)\Microsoft SQL Server\Client SDK\ODBC\130\Tools\Binn\;C:\Program Files (x86)\Microsoft SQL Server\130\Tools\Binn\;C:\Program Files (x86)\Microsoft SQL Server\130\DTS\Binn\;C:\Program Files (x86)\Microsoft SQL Server\130\Tools\Binn\ManagementStudio\;c:\Program Files (x86)\Microsoft SQL Server\100\Tools\Binn\;c:\Program Files\Microsoft SQL Server\100\Tools\Binn\;c:\Program Files\Microsoft SQL Server\100\DTS\Binn\;C:\Program Files (x86)\WebEx\Productivity Tools;C:\WINDOWS\system32\config\systemprofile\.dnx\bin;C:\Program Files\Microsoft DNX\Dnvm\;C:\Program Files\Microsoft SQL Server\120\Tools\Binn\;C:\Program Files\Microsoft SQL Server\130\Tools\Binn\;C:\Program Files (x86)\WebEx\PTools020000000;C:\Program File;C:\Program Files\dotnet\;c:\Program Files\Microsoft SQL Server\Client SDK\ODBC\130\Tools\Binn\;c:\Program Files\Microsoft SQL Server\140\DTS\Binn\;C:\Program Files (x86)\Microsoft VS Code\bin;C:\Program Files (x86)\Webex\Plugins;C:\WINDOWS\system32;C:\WINDOWS;C:\WINDOWS\System32\Wbem;C:\WINDOWS\System32\WindowsPowerShell\v1.0\;C:\WINDOWS\System32\OpenSSH\;C:\Program Files\GitHub CLI\;C:\Users\sullivanp\AppData\Roaming\nvm;C:\Program Files\nodejs;C:\Program Files\Docker\Docker\resources\bin;C:\Program Files\Git\cmd;C:\Program Files\nodejs\;C:\Users\sullivanp\AppData\Local\Microsoft\WindowsApps;C:\Users\sullivanp\AppData\Local\Programs\Microsoft VS Code\bin;C:\Users\sullivanp\AppData\Local\Programs\Fiddler;C:\Users\sullivanp\AppData\Local\Microsoft\WindowsApps;C:\Users\sullivanp\.dotnet\tools;C:\Users\sullivanp\AppData\Local\GitHubDesktop\bin;C:\Users\sullivanp\Documents\apache-maven-3.8.5\bin;C:\Program Files (x86)\Rico Suter\NSwagStudio\;C:\Users\sullivanp\AppData\Roaming\npm;C:\Users\sullivanp\AppData\Roaming\nvm;C:\Program Files\nodejs;."/>
    <property name="maven.conf" value="C:\Users\sullivanp\Documents\apache-maven-3.8.5/conf"/>
    <property name="jdk.debug" value="release"/>
    <property name="java.class.version" value="62.0"/>
    <property name="java.specification.name" value="Java Platform API Specification"/>
    <property name="sun.management.compiler" value="HotSpot 64-Bit Tiered Compilers"/>
    <property name="os.version" value="10.0"/>
    <property name="library.jansi.path" value="C:\Users\sullivanp\Documents\apache-maven-3.8.5\lib\jansi-native"/>
    <property name="user.home" value="C:\Users\sullivanp"/>
    <property name="user.timezone" value="America/New_York"/>
    <property name="file.encoding" value="UTF-8"/>
    <property name="java.specification.version" value="18"/>
    <property name="user.name" value="SullivanP"/>
    <property name="java.class.path" value="C:\Users\sullivanp\Documents\apache-maven-3.8.5\boot\plexus-classworlds-2.6.0.jar"/>
    <property name="java.vm.specification.version" value="18"/>
    <property name="sun.arch.data.model" value="64"/>
    <property name="sun.java.command" value="org.codehaus.plexus.classworlds.launcher.Launcher package"/>
    <property name="java.home" value="C:\Program Files\Java\jdk-18.0.2.1"/>
    <property name="user.language" value="en"/>
    <property name="java.specification.vendor" value="Oracle Corporation"/>
    <property name="java.vm.info" value="mixed mode, sharing"/>
    <property name="java.version" value="18.0.2.1"/>
    <property name="native.encoding" value="Cp1252"/>
    <property name="java.vendor" value="Oracle Corporation"/>
    <property name="sun.stderr.encoding" value="cp437"/>
    <property name="maven.home" value="C:\Users\sullivanp\Documents\apache-maven-3.8.5"/>
    <property name="file.separator" value="\"/>
    <property name="java.version.date" value="2022-08-18"/>
    <property name="java.vendor.url.bug" value="https://bugreport.java.com/bugreport/"/>
    <property name="sun.io.unicode.encoding" value="UnicodeLittle"/>
    <property name="sun.cpu.endian" value="little"/>
    <property name="sun.stdout.encoding" value="cp437"/>
    <property name="sun.cpu.isalist" value="amd64"/>
  </properties>
  <testcase classname="opensystem.typescript.client.OpenSystemTypeScriptClientGeneratorTest" name="launchCodeGenerator" time="0.066">
    <error message="Could not generate supporting file &apos;SupportingFile[templateFile=&apos;index.mustache&apos;, folder=&apos;src&apos;, destinationFilename=&apos;index.ts&apos;, canOverwrite=true]&apos;" type="java.lang.RuntimeException">java.lang.RuntimeException: Could not generate supporting file &apos;SupportingFile[templateFile=&apos;index.mustache&apos;, folder=&apos;src&apos;, destinationFilename=&apos;index.ts&apos;, canOverwrite=true]&apos;
	at org.openapitools.codegen.DefaultGenerator.generateSupportingFiles(DefaultGenerator.java:746)
	at org.openapitools.codegen.DefaultGenerator.generate(DefaultGenerator.java:919)
	at opensystem.typescript.client.OpenSystemTypeScriptClientGeneratorTest.launchCodeGenerator(OpenSystemTypeScriptClientGeneratorTest.java:43)
	at java.base/jdk.internal.reflect.DirectMethodHandleAccessor.invoke(DirectMethodHandleAccessor.java:104)
	at java.base/java.lang.reflect.Method.invoke(Method.java:577)
	at org.junit.runners.model.FrameworkMethod$1.runReflectiveCall(FrameworkMethod.java:59)
	at org.junit.internal.runners.model.ReflectiveCallable.run(ReflectiveCallable.java:12)
	at org.junit.runners.model.FrameworkMethod.invokeExplosively(FrameworkMethod.java:56)
	at org.junit.internal.runners.statements.InvokeMethod.evaluate(InvokeMethod.java:17)
	at org.junit.runners.ParentRunner$3.evaluate(ParentRunner.java:306)
	at org.junit.runners.BlockJUnit4ClassRunner$1.evaluate(BlockJUnit4ClassRunner.java:100)
	at org.junit.runners.ParentRunner.runLeaf(ParentRunner.java:366)
	at org.junit.runners.BlockJUnit4ClassRunner.runChild(BlockJUnit4ClassRunner.java:103)
	at org.junit.runners.BlockJUnit4ClassRunner.runChild(BlockJUnit4ClassRunner.java:63)
	at org.junit.runners.ParentRunner$4.run(ParentRunner.java:331)
	at org.junit.runners.ParentRunner$1.schedule(ParentRunner.java:79)
	at org.junit.runners.ParentRunner.runChildren(ParentRunner.java:329)
	at org.junit.runners.ParentRunner.access$100(ParentRunner.java:66)
	at org.junit.runners.ParentRunner$2.evaluate(ParentRunner.java:293)
	at org.junit.runners.ParentRunner$3.evaluate(ParentRunner.java:306)
	at org.junit.runners.ParentRunner.run(ParentRunner.java:413)
	at org.apache.maven.surefire.junitcore.ClassDemarcatingRunner.run(ClassDemarcatingRunner.java:58)
	at org.junit.runners.Suite.runChild(Suite.java:128)
	at org.junit.runners.Suite.runChild(Suite.java:27)
	at org.junit.runners.ParentRunner$4.run(ParentRunner.java:331)
	at org.junit.runners.ParentRunner$1.schedule(ParentRunner.java:79)
	at org.junit.runners.ParentRunner.runChildren(ParentRunner.java:329)
	at org.junit.runners.ParentRunner.access$100(ParentRunner.java:66)
	at org.junit.runners.ParentRunner$2.evaluate(ParentRunner.java:293)
	at org.junit.runners.ParentRunner$3.evaluate(ParentRunner.java:306)
	at org.junit.runners.ParentRunner.run(ParentRunner.java:413)
	at org.junit.runner.JUnitCore.run(JUnitCore.java:137)
	at org.junit.runner.JUnitCore.run(JUnitCore.java:115)
	at org.apache.maven.surefire.junitcore.JUnitCoreWrapper.execute(JUnitCoreWrapper.java:62)
	at org.apache.maven.surefire.junitcore.JUnitCoreProvider.invoke(JUnitCoreProvider.java:139)
	at java.base/jdk.internal.reflect.DirectMethodHandleAccessor.invoke(DirectMethodHandleAccessor.java:104)
	at java.base/java.lang.reflect.Method.invoke(Method.java:577)
	at org.apache.maven.surefire.util.ReflectionUtils.invokeMethodWithArray(ReflectionUtils.java:189)
	at org.apache.maven.surefire.booter.ProviderFactory$ProviderProxy.invoke(ProviderFactory.java:165)
	at org.apache.maven.surefire.booter.ProviderFactory.invokeProvider(ProviderFactory.java:85)
	at org.apache.maven.surefire.booter.ForkedBooter.runSuitesInProcess(ForkedBooter.java:103)
	at org.apache.maven.surefire.booter.ForkedBooter.main(ForkedBooter.java:74)
Caused by: com.samskivert.mustache.MustacheParseException: Section close tag with mismatched open tag &apos;apis&apos; != &apos;apiInfo&apos; @ line 6
	at com.samskivert.mustache.Mustache$Accumulator.requireSameName(Mustache.java:680)
	at com.samskivert.mustache.Mustache$Accumulator$1.addCloseSectionSegment(Mustache.java:612)
	at com.samskivert.mustache.Mustache$Accumulator.addTagSegment(Mustache.java:638)
	at com.samskivert.mustache.Mustache$Parser.parseChar(Mustache.java:498)
	at com.samskivert.mustache.Mustache$Parser.parse(Mustache.java:396)
	at com.samskivert.mustache.Mustache.compile(Mustache.java:314)
	at com.samskivert.mustache.Mustache$Compiler.compile(Mustache.java:87)
	at com.samskivert.mustache.Mustache$Compiler.compile(Mustache.java:82)
	at org.openapitools.codegen.templating.MustacheEngineAdapter.compileTemplate(MustacheEngineAdapter.java:63)
	at org.openapitools.codegen.TemplateManager.write(TemplateManager.java:163)
	at org.openapitools.codegen.DefaultGenerator.processTemplateToFile(DefaultGenerator.java:1058)
	at org.openapitools.codegen.DefaultGenerator.processTemplateToFile(DefaultGenerator.java:1045)
	at org.openapitools.codegen.DefaultGenerator.generateSupportingFiles(DefaultGenerator.java:738)
	... 41 more
</error>
    <system-err>[main] INFO org.openapitools.codegen.DefaultGenerator - Generating with dryRun=false
[main] INFO org.openapitools.codegen.DefaultGenerator - OpenAPI Generator: open-system-typescript-client (client)
[main] INFO org.openapitools.codegen.DefaultGenerator - Generator &apos;open-system-typescript-client&apos; is considered experimental.
[main] WARN org.openapitools.codegen.DefaultCodegen - The value (generator&apos;s option) must be either boolean or string. Default to `false`.
[main] WARN org.openapitools.codegen.InlineModelResolver - allOf schema `null` containing multiple types (not model) is not supported at the moment.
[main] INFO org.openapitools.codegen.InlineModelResolver - Inline schema created as get_message_list_200_response_inner. To have complete control of the model name, set the `title` field or use the inlineSchemaNameMapping option (--inline-schema-name-mappings in CLI).
[main] WARN org.openapitools.codegen.InlineModelResolver - allOf schema `null` containing multiple types (not model) is not supported at the moment.
[main] INFO org.openapitools.codegen.TemplateManager - writing file C:\Development\open-system\tools\openapi\typescript-client\out-test\test\src\models\GetMessageList200ResponseInnerDto.ts
[main] INFO org.openapitools.codegen.TemplateManager - writing file C:\Development\open-system\tools\openapi\typescript-client\out-test\test\src\models\MessageDto.ts
[main] INFO org.openapitools.codegen.TemplateManager - writing file C:\Development\open-system\tools\openapi\typescript-client\out-test\test\src\models\SharedApiSpecRecordBaseDto.ts
[main] INFO org.openapitools.codegen.TemplateManager - writing file C:\Development\open-system\tools\openapi\typescript-client\out-test\test\src\models\SharedApiSpecUpdateSuccessResponseDto.ts
[main] WARN org.openapitools.codegen.utils.ModelUtils - Multiple schemas found in the OAS &apos;content&apos; section, returning only the first one (application/json)
[main] WARN opensystem.typescript.client.OpenSystemTypeScriptClientGenerator - Multiple MediaTypes found, using only the first one
[main] INFO org.openapitools.codegen.TemplateManager - writing file C:\Development\open-system\tools\openapi\typescript-client\out-test\test\src\parsers\MessageApi.service.ts
[main] INFO org.openapitools.codegen.TemplateManager - writing file C:\Development\open-system\tools\openapi\typescript-client\out-test\test\src\parsers\MessageApi.ts
[main] INFO org.openapitools.codegen.TemplateManager - writing file C:\Development\open-system\tools\openapi\typescript-client\out-test\test\MessageApi.md
[main] INFO org.openapitools.codegen.TemplateManager - writing file C:\Development\open-system\tools\openapi\typescript-client\out-test\test\.gitignore
[main] INFO org.openapitools.codegen.TemplateManager - writing file C:\Development\open-system\tools\openapi\typescript-client\out-test\test\git_push.sh
[main] INFO org.openapitools.codegen.TemplateManager - writing file C:\Development\open-system\tools\openapi\typescript-client\out-test\test\src\servers.ts
[main] INFO org.openapitools.codegen.TemplateManager - writing file C:\Development\open-system\tools\openapi\typescript-client\out-test\test\project.json
[main] INFO org.openapitools.codegen.TemplateManager - writing file C:\Development\open-system\tools\openapi\typescript-client\out-test\test\src\auth\auth.ts
[main] INFO org.openapitools.codegen.TemplateManager - writing file C:\Development\open-system\tools\openapi\typescript-client\out-test\test\src\models\index.ts
[main] INFO org.openapitools.codegen.TemplateManager - writing file C:\Development\open-system\tools\openapi\typescript-client\out-test\test\src\apis\PromiseAPI.ts
[main] INFO org.openapitools.codegen.TemplateManager - writing file C:\Development\open-system\tools\openapi\typescript-client\out-test\test\src\apis\ObjectParamAPI.ts
[main] INFO org.openapitools.codegen.TemplateManager - writing file C:\Development\open-system\tools\openapi\typescript-client\out-test\test\src\models\ObjectSerializer.ts
</system-err>
  </testcase>
</testsuite>